    __  ______   ____                           __         
   / / / /  _/  / __ \___  _________  _________/ /__  _____
  / / / // /   / /_/ / _ \/ ___/ __ \/ ___/ __  / _ \/ ___/
 / /_/ // /   / _, _/  __/ /__/ /_/ / /  / /_/ /  __/ /    
 \____/___/  /_/ |_|\___/\___/\____/_/   \__,_/\___/_/    v1.0.0

------------------------------------------------------------------

? 测试脚本文件名: (sample/test.spec.js) ? 测试脚本文件名: sample/test.spec.js
? 文件已存在，加载并继续录制吗？ (y/N) ? 文件已存在，加载并继续录制吗？ (y/N) n? 文件已存在，加载并继续录制吗？ No
? 打开同步校验浏览器？ (Y/n) ? 打开同步校验浏览器？ (Y/n) n? 打开同步校验浏览器？ No
? 浏览器大小 (格式：1024 x 768): (1024x768) ? 浏览器大小 (格式：1024 x 768): (1024x768) 1? 浏览器大小 (格式：1024 x 768): (1024x768) 19? 浏览器大小 (格式：1024 x 768): (1024x768) 192? 浏览器大小 (格式：1024 x 768): (1024x768) 1920? 浏览器大小 (格式：1024 x 768): (1024x768) 1920 ? 浏览器大小 (格式：1024 x 768): (1024x768) 1920 x? 浏览器大小 (格式：1024 x 768): (1024x768) 1920 x ? 浏览器大小 (格式：1024 x 768): (1024x768) 1920 x 1? 浏览器大小 (格式：1024 x 768): (1024x768) 1920 x 16? 浏览器大小 (格式：1024 x 768): (1024x768) 1920 x 168? 浏览器大小 (格式：1024 x 768): (1024x768) 1920 x 1680? 浏览器大小 (格式：1024 x 768): 1920 x 1680

录制服务器监听在端口: 18462
录制浏览器已开启
  url: http://www.baidu.com
  waitBody: 
  export file expect: 1
------------------------------------------------------------------
共录制3个步骤 (未经过校验)
录制脚本已保存: sample/test.spec.js

录制服务器已关闭
录制浏览器已关闭
